<?xml version="1.0" encoding="UTF-8"?>
<robot generator="Robot 3.2.2 (Python 3.9.1 on win32)" generated="20210209 18:27:06.291" rpa="false">
<suite id="s1" name="TestSiteBDD" source="C:\RobotProjetos\SuiteSiteTeste\tests\TestSiteBDD.robot">
<kw name="Abrir navegador" library="Resource" type="setup">
<kw name="Open Browser" library="Browser">
<tags>
<tag>BrowserControl</tag>
<tag>Setter</tag>
</tags>
<doc>Opens a new browser instance. Use this keyword for quick experiments or debugging sessions.
Use `New Page` directly instead of `Open Browser` for production and automated execution.
See `Browser, Context and Page` for more information about Browser and related concepts.</doc>
<arguments>
<arg>about:blank</arg>
<arg>${BROWSER}</arg>
</arguments>
<msg timestamp="20210209 18:27:07.122" level="WARN">Open Browser is for quick experimentation and debugging only. Use New Page for production.</msg>
<msg timestamp="20210209 18:27:07.124" level="INFO">{"browser": "chromium", "headless": false, "handleSIGINT": true, "handleSIGTERM": true, "handleSIGHUP": true, "timeout": 30000.0, "devtools": false, "slowMo": 0.0}</msg>
<msg timestamp="20210209 18:27:07.802" level="INFO">Successfully created browser with options: {"browser":"chromium","headless":false,"handleSIGINT":true,"handleSIGTERM":true,"handleSIGHUP":true,"timeout":30000,"devtools":false,"slowMo":0}</msg>
<msg timestamp="20210209 18:27:07.803" level="INFO">{"acceptDownloads": false, "ignoreHTTPSErrors": false, "bypassCSP": false, "deviceScaleFactor": 1.0, "isMobile": false, "hasTouch": false, "javaScriptEnabled": true, "offline": false, "hideRfBrowser": false}</msg>
<msg timestamp="20210209 18:27:07.876" level="INFO">Successfully created context with options: {"acceptDownloads":false,"ignoreHTTPSErrors":false,"bypassCSP":false,"deviceScaleFactor":1,"isMobile":false,"hasTouch":false,"javaScriptEnabled":true,"offline":false,"hideRfBrowser":false}</msg>
<msg timestamp="20210209 18:27:08.321" level="INFO">Successfully initialized new page object and opened url: about:blank</msg>
<status status="PASS" starttime="20210209 18:27:07.122" endtime="20210209 18:27:08.321"></status>
</kw>
<status status="PASS" starttime="20210209 18:27:07.122" endtime="20210209 18:27:08.321"></status>
</kw>
<test id="s1-t1" name="Cenario 01: Pesquisar produtos existentes">
<kw name="Dado que estou na pagina home do site" library="Resource">
<kw name="Go To" library="Browser">
<tags>
<tag>BrowserControl</tag>
<tag>Setter</tag>
</tags>
<doc>Navigates to the given ``url``.</doc>
<arguments>
<arg>${URL}</arg>
</arguments>
<msg timestamp="20210209 18:27:16.963" level="INFO">Succesfully opened URL http://automationpractice.com</msg>
<status status="PASS" starttime="20210209 18:27:08.337" endtime="20210209 18:27:16.969"></status>
</kw>
<kw name="Wait For Elements State" library="Browser">
<tags>
<tag>PageContent</tag>
<tag>Wait</tag>
</tags>
<doc>Waits for the element found by ``selector`` to satisfy state option.</doc>
<arguments>
<arg>css=a[class=login]</arg>
</arguments>
<msg timestamp="20210209 18:27:17.030" level="INFO">Wait for Element with selector: css=a[class=login]</msg>
<status status="PASS" starttime="20210209 18:27:16.969" endtime="20210209 18:27:17.032"></status>
</kw>
<status status="PASS" starttime="20210209 18:27:08.336" endtime="20210209 18:27:17.033"></status>
</kw>
<kw name="Qunando eu pesquisar pelo produto &quot;Blouse&quot;" library="Resource">
<kw name="Fill Text" library="Browser">
<tags>
<tag>PageContent</tag>
<tag>Setter</tag>
</tags>
<doc>Clears and fills the given ``text`` into the text field found by ``selector``.</doc>
<arguments>
<arg>id=search_query_top</arg>
<arg>${PRODUTO}</arg>
</arguments>
<msg timestamp="20210209 18:27:17.036" level="INFO">Fills the text 'Blouse' in the given field.</msg>
<status status="PASS" starttime="20210209 18:27:17.035" endtime="20210209 18:27:17.086"></status>
</kw>
<kw name="Click" library="Browser">
<tags>
<tag>PageContent</tag>
<tag>Setter</tag>
</tags>
<doc>Simulates mouse click on the element found by ``selector``.</doc>
<arguments>
<arg>css=button[name=submit_search]</arg>
</arguments>
<status status="PASS" starttime="20210209 18:27:17.086" endtime="20210209 18:27:18.621"></status>
</kw>
<status status="PASS" starttime="20210209 18:27:17.034" endtime="20210209 18:27:18.621"></status>
</kw>
<kw name="Então o produto &quot;Blouse&quot; deve ser listado na pagina de resultado da busca" library="Resource">
<kw name="Wait For Elements State" library="Browser">
<tags>
<tag>PageContent</tag>
<tag>Wait</tag>
</tags>
<doc>Waits for the element found by ``selector`` to satisfy state option.</doc>
<arguments>
<arg>h1 span[class=heading-counter]</arg>
</arguments>
<msg timestamp="20210209 18:27:19.055" level="INFO">Wait for Element with selector: h1 span[class=heading-counter]</msg>
<status status="PASS" starttime="20210209 18:27:18.625" endtime="20210209 18:27:19.057"></status>
</kw>
<status status="PASS" starttime="20210209 18:27:18.624" endtime="20210209 18:27:19.057"></status>
</kw>
<status status="PASS" starttime="20210209 18:27:08.322" endtime="20210209 18:27:19.059" critical="yes"></status>
</test>
<test id="s1-t2" name="Cenario 02: Pesquisar produtos não existentes">
<kw name="Dado que estou na pagina home do site" library="Resource">
<kw name="Go To" library="Browser">
<tags>
<tag>BrowserControl</tag>
<tag>Setter</tag>
</tags>
<doc>Navigates to the given ``url``.</doc>
<arguments>
<arg>${URL}</arg>
</arguments>
<msg timestamp="20210209 18:27:23.437" level="INFO">Succesfully opened URL http://automationpractice.com</msg>
<status status="PASS" starttime="20210209 18:27:19.079" endtime="20210209 18:27:23.438"></status>
</kw>
<kw name="Wait For Elements State" library="Browser">
<tags>
<tag>PageContent</tag>
<tag>Wait</tag>
</tags>
<doc>Waits for the element found by ``selector`` to satisfy state option.</doc>
<arguments>
<arg>css=a[class=login]</arg>
</arguments>
<msg timestamp="20210209 18:27:23.498" level="INFO">Wait for Element with selector: css=a[class=login]</msg>
<status status="PASS" starttime="20210209 18:27:23.438" endtime="20210209 18:27:23.498"></status>
</kw>
<status status="PASS" starttime="20210209 18:27:19.078" endtime="20210209 18:27:23.499"></status>
</kw>
<kw name="Qunando eu pesquisar pelo produto &quot;ItemNaoExistente&quot;" library="Resource">
<kw name="Fill Text" library="Browser">
<tags>
<tag>PageContent</tag>
<tag>Setter</tag>
</tags>
<doc>Clears and fills the given ``text`` into the text field found by ``selector``.</doc>
<arguments>
<arg>id=search_query_top</arg>
<arg>${PRODUTO}</arg>
</arguments>
<msg timestamp="20210209 18:27:23.501" level="INFO">Fills the text 'ItemNaoExistente' in the given field.</msg>
<status status="PASS" starttime="20210209 18:27:23.500" endtime="20210209 18:27:23.528"></status>
</kw>
<kw name="Click" library="Browser">
<tags>
<tag>PageContent</tag>
<tag>Setter</tag>
</tags>
<doc>Simulates mouse click on the element found by ``selector``.</doc>
<arguments>
<arg>css=button[name=submit_search]</arg>
</arguments>
<status status="PASS" starttime="20210209 18:27:23.528" endtime="20210209 18:27:24.559"></status>
</kw>
<status status="PASS" starttime="20210209 18:27:23.500" endtime="20210209 18:27:24.560"></status>
</kw>
<kw name="Então a pagina deve exibir a mensagem &quot;No results were found for your search &quot;ItemNaoExistente&quot;" library="Resource">
<kw name="Wait For Elements State" library="Browser">
<tags>
<tag>PageContent</tag>
<tag>Wait</tag>
</tags>
<doc>Waits for the element found by ``selector`` to satisfy state option.</doc>
<arguments>
<arg>p[class='alert alert-warning']</arg>
</arguments>
<msg timestamp="20210209 18:27:24.907" level="INFO">Wait for Element with selector: p[class='alert alert-warning']</msg>
<status status="PASS" starttime="20210209 18:27:24.561" endtime="20210209 18:27:24.908"></status>
</kw>
<status status="PASS" starttime="20210209 18:27:24.561" endtime="20210209 18:27:24.908"></status>
</kw>
<status status="PASS" starttime="20210209 18:27:19.068" endtime="20210209 18:27:24.909" critical="yes"></status>
</test>
<kw name="Fechar navegador" library="Resource" type="teardown">
<kw name="Close Browser" library="Browser">
<tags>
<tag>BrowserControl</tag>
<tag>Setter</tag>
</tags>
<doc>Closes the current browser. Activated browser is set to first active browser.
Closes all context and pages belonging to this browser.
See `Browser, Context and Page` for more information about Browser and related concepts.</doc>
<msg timestamp="20210209 18:27:25.173" level="INFO">Closed browser</msg>
<status status="PASS" starttime="20210209 18:27:24.920" endtime="20210209 18:27:25.174"></status>
</kw>
<status status="PASS" starttime="20210209 18:27:24.920" endtime="20210209 18:27:25.174"></status>
</kw>
<status status="PASS" starttime="20210209 18:27:06.293" endtime="20210209 18:27:25.174"></status>
</suite>
<statistics>
<total>
<stat pass="2" fail="0">Critical Tests</stat>
<stat pass="2" fail="0">All Tests</stat>
</total>
<tag>
</tag>
<suite>
<stat pass="2" fail="0" id="s1" name="TestSiteBDD">TestSiteBDD</stat>
</suite>
</statistics>
<errors>
<msg timestamp="20210209 18:27:07.122" level="WARN">Open Browser is for quick experimentation and debugging only. Use New Page for production.</msg>
</errors>
</robot>
