<?xml version="1.0" encoding="UTF-8"?>
<robot generator="Robot 3.2.2 (Python 3.9.1 on win32)" generated="20210209 17:18:25.660" rpa="false">
<suite id="s1" name="TestSiteBDD" source="C:\RobotProjetos\SuiteSiteTeste\tests\TestSiteBDD.robot">
<kw name="Abrir navegador" library="Resource" type="setup">
<kw name="Open Browser" library="Browser">
<tags>
<tag>BrowserControl</tag>
<tag>Setter</tag>
</tags>
<doc>Opens a new browser instance. Use this keyword for quick experiments or debugging sessions.
Use `New Page` directly instead of `Open Browser` for production and automated execution.
See `Browser, Context and Page` for more information about Browser and related concepts.</doc>
<arguments>
<arg>about:blank</arg>
<arg>${BROWSER}</arg>
</arguments>
<msg timestamp="20210209 17:18:26.463" level="WARN">Open Browser is for quick experimentation and debugging only. Use New Page for production.</msg>
<msg timestamp="20210209 17:18:26.464" level="INFO">{"browser": "chromium", "headless": false, "handleSIGINT": true, "handleSIGTERM": true, "handleSIGHUP": true, "timeout": 30000.0, "devtools": false, "slowMo": 0.0}</msg>
<msg timestamp="20210209 17:18:27.067" level="INFO">Successfully created browser with options: {"browser":"chromium","headless":false,"handleSIGINT":true,"handleSIGTERM":true,"handleSIGHUP":true,"timeout":30000,"devtools":false,"slowMo":0}</msg>
<msg timestamp="20210209 17:18:27.069" level="INFO">{"acceptDownloads": false, "ignoreHTTPSErrors": false, "bypassCSP": false, "deviceScaleFactor": 1.0, "isMobile": false, "hasTouch": false, "javaScriptEnabled": true, "offline": false, "hideRfBrowser": false}</msg>
<msg timestamp="20210209 17:18:27.146" level="INFO">Successfully created context with options: {"acceptDownloads":false,"ignoreHTTPSErrors":false,"bypassCSP":false,"deviceScaleFactor":1,"isMobile":false,"hasTouch":false,"javaScriptEnabled":true,"offline":false,"hideRfBrowser":false}</msg>
<msg timestamp="20210209 17:18:27.571" level="INFO">Successfully initialized new page object and opened url: about:blank</msg>
<status status="PASS" starttime="20210209 17:18:26.463" endtime="20210209 17:18:27.571"></status>
</kw>
<status status="PASS" starttime="20210209 17:18:26.462" endtime="20210209 17:18:27.572"></status>
</kw>
<test id="s1-t1" name="Cenario 01: Pesquisar produtos existentes">
<kw name="Dado que estou na pagina home do site" library="Resource">
<kw name="Go To" library="Browser">
<tags>
<tag>BrowserControl</tag>
<tag>Setter</tag>
</tags>
<doc>Navigates to the given ``url``.</doc>
<arguments>
<arg>${URL}</arg>
</arguments>
<msg timestamp="20210209 17:18:38.159" level="INFO" html="yes">&lt;/td&gt;&lt;/tr&gt;&lt;tr&gt;&lt;td colspan="3"&gt;&lt;a href="Cenario_01_Pesquisar_produtos_existentes_FAILURE_SCREENSHOT_3.png"&gt;&lt;img src="Cenario_01_Pesquisar_produtos_existentes_FAILURE_SCREENSHOT_3.png" width="800px"&gt;&lt;/a&gt;</msg>
<msg timestamp="20210209 17:19:12.669" level="FAIL">TimeoutError: page.goto: Timeout 10000ms exceeded.
=========================== logs ===========================
navigating to "http://automationpractice.com", waiting until "load"
============================================================
Note: use DEBUG=pw:api environment variable and rerun to capture Playwright logs.</msg>
<status status="FAIL" starttime="20210209 17:18:27.590" endtime="20210209 17:19:12.669"></status>
</kw>
<status status="FAIL" starttime="20210209 17:18:27.589" endtime="20210209 17:19:12.670"></status>
</kw>
<status status="FAIL" starttime="20210209 17:18:27.572" endtime="20210209 17:19:12.670" critical="yes">TimeoutError: page.goto: Timeout 10000ms exceeded.
=========================== logs ===========================
navigating to "http://automationpractice.com", waiting until "load"
============================================================
Note: use DEBUG=pw:api environment variable and rerun to capture Playwright logs.</status>
</test>
<test id="s1-t2" name="Cenario 02: Pesquisar produtos não existentes">
<kw name="Dado que estou na pagina home do site" library="Resource">
<kw name="Go To" library="Browser">
<tags>
<tag>BrowserControl</tag>
<tag>Setter</tag>
</tags>
<doc>Navigates to the given ``url``.</doc>
<arguments>
<arg>${URL}</arg>
</arguments>
<msg timestamp="20210209 17:19:17.356" level="INFO">Succesfully opened URL http://automationpractice.com</msg>
<status status="PASS" starttime="20210209 17:19:12.690" endtime="20210209 17:19:17.357"></status>
</kw>
<kw name="Title Should Be">
<arguments>
<arg>My Store</arg>
</arguments>
<msg timestamp="20210209 17:19:17.361" level="FAIL">No keyword with name 'Title Should Be' found.</msg>
<status status="FAIL" starttime="20210209 17:19:17.361" endtime="20210209 17:19:17.361"></status>
</kw>
<status status="FAIL" starttime="20210209 17:19:12.690" endtime="20210209 17:19:17.361"></status>
</kw>
<status status="FAIL" starttime="20210209 17:19:12.683" endtime="20210209 17:19:17.362" critical="yes">No keyword with name 'Title Should Be' found.</status>
</test>
<kw name="Fechar navegador" library="Resource" type="teardown">
<kw name="Close Browser" library="Browser">
<tags>
<tag>BrowserControl</tag>
<tag>Setter</tag>
</tags>
<doc>Closes the current browser. Activated browser is set to first active browser.
Closes all context and pages belonging to this browser.
See `Browser, Context and Page` for more information about Browser and related concepts.</doc>
<msg timestamp="20210209 17:19:17.725" level="INFO">Closed browser</msg>
<status status="PASS" starttime="20210209 17:19:17.523" endtime="20210209 17:19:17.726"></status>
</kw>
<status status="PASS" starttime="20210209 17:19:17.523" endtime="20210209 17:19:17.726"></status>
</kw>
<status status="FAIL" starttime="20210209 17:18:25.663" endtime="20210209 17:19:17.726"></status>
</suite>
<statistics>
<total>
<stat pass="0" fail="2">Critical Tests</stat>
<stat pass="0" fail="2">All Tests</stat>
</total>
<tag>
</tag>
<suite>
<stat pass="0" fail="2" id="s1" name="TestSiteBDD">TestSiteBDD</stat>
</suite>
</statistics>
<errors>
<msg timestamp="20210209 17:18:26.463" level="WARN">Open Browser is for quick experimentation and debugging only. Use New Page for production.</msg>
</errors>
</robot>
